INFO  [2009:04:06-18:36:58:434] <00019347> START escrow (V4112B4112D070201M)
INFO  [2009:04:06-18:36:58:434] <00019347> INIPAYHOME:/home/anywiz/wizshop/www/shop/INICIS/
DEBUG [2009:04:06-18:36:58:434] <00019347> escrow type:dr
DEBUG [2009:04:06-18:36:58:435] <00019347> escrow msg:tanywiz1INIpayVBNKINIpayTest20090406181823260493|11111|||20090406|183658|한진택배|HANJINLOGI|0||||||
INFO  [2009:04:06-18:36:58:435] <00019347> CHECK FIELD OK
INFO  [2009:04:06-18:36:58:435] <00019347> SYMMETRIC ENCRYPT OK
DEBUG [2009:04:06-18:36:58:435] <00019347> SYMMETRIC ENCRYPT MSG :[svTrSka/cOAFrnuUhZbIqgYxwx7jGkTUXpR/K98yUgNj0AJ/YzhFVtGvie2orGBW
+c3H0/qAZM4wVaZogHyRYeal1bbTKwF5YotJPgeZVEAL8wTOLhBytQ6lytwiWgpN
sjY6fU35
]
INFO  [2009:04:06-18:36:58:435] <00019347> MAKE MSG OK
DEBUG [2009:04:06-18:36:58:435] <00019347> MSG_TO_PG:[0146PG4010CsvTrSka/cOAFrnuUhZbIqgYxwx7jGkTUXpR/K98yUgNj0AJ/YzhFVtGvie2orGBW
+c3H0/qAZM4wVaZogHyRYeal1bbTKwF5YotJPgeZVEAL8wTOLhBytQ6lytwiWgpN
sjY6fU35
]
INFO  [2009:04:06-18:36:58:442] <00019347> CONNECT PG(203.238.37.3) OK
INFO  [2009:04:06-18:36:58:442] <00019347> SEND OK
INFO  [2009:04:06-18:36:58:464] <00019347> RECV OK
INFO  [2009:04:06-18:36:58:464] <00019347> MSG_FROM_PG:[00174911|DB 쿼리 오류]
INFO  [2009:04:06-18:36:58:464] <00019347> CHECK SIGN OK
INFO  [2009:04:06-18:36:58:464] <00019347> PARSE OK
INFO  [2009:04:06-18:36:58:464] <00019347> END escrow DB 쿼리 오류
INFO  [2009:04:06-18:39:05:292] <00019410> START escrow (V4112B4112D070201M)
INFO  [2009:04:06-18:39:05:293] <00019410> INIPAYHOME:/home/anywiz/wizshop/www/shop/INICIS/
DEBUG [2009:04:06-18:39:05:293] <00019410> escrow type:dr
DEBUG [2009:04:06-18:39:05:293] <00019410> escrow msg:tanywiz1INIpayVBNKINIpayTest20090406181823260493|11111|||20090406|183905|한진택배|HANJINLOGI|0||||||
INFO  [2009:04:06-18:39:05:293] <00019410> CHECK FIELD OK
INFO  [2009:04:06-18:39:05:293] <00019410> SYMMETRIC ENCRYPT OK
DEBUG [2009:04:06-18:39:05:293] <00019410> SYMMETRIC ENCRYPT MSG :[svTrSka/cOAFrnuUhZbIqgYxwx7jGkTUXpR/K98yUgNj0AJ/YzhFVtGvie2orGBW
+c3H0/qAZM4wVaZogHyRYeal1bbTKwF2Z4ZJPgeZVEAL8wTOLhBytQ6lytwiWgpN
sjY6fU35
]
INFO  [2009:04:06-18:39:05:293] <00019410> MAKE MSG OK
DEBUG [2009:04:06-18:39:05:293] <00019410> MSG_TO_PG:[0146PG4010CsvTrSka/cOAFrnuUhZbIqgYxwx7jGkTUXpR/K98yUgNj0AJ/YzhFVtGvie2orGBW
+c3H0/qAZM4wVaZogHyRYeal1bbTKwF2Z4ZJPgeZVEAL8wTOLhBytQ6lytwiWgpN
sjY6fU35
]
INFO  [2009:04:06-18:39:05:297] <00019410> CONNECT PG(203.238.37.3) OK
INFO  [2009:04:06-18:39:05:297] <00019410> SEND OK
INFO  [2009:04:06-18:39:05:309] <00019410> RECV OK
INFO  [2009:04:06-18:39:05:309] <00019410> MSG_FROM_PG:[00174911|DB 쿼리 오류]
INFO  [2009:04:06-18:39:05:309] <00019410> CHECK SIGN OK
INFO  [2009:04:06-18:39:05:309] <00019410> PARSE OK
INFO  [2009:04:06-18:39:05:309] <00019410> END escrow DB 쿼리 오류
